15:21:08.564 [main] INFO  com.testcases.TC004_SearchProductTest -  <-- Search Item Option --> 
15:21:09.228 [main] INFO  com.testcases.TC004_SearchProductTest -  <-- Check Search Item --> 
15:21:09.302 [main] INFO  com.testcases.TC004_SearchProductTest - *** FINISH THE <-- TC004_SearchItemTest --> TEST ***
15:21:57.248 [main] DEBUG org.testng.TestNG - suiteXmlPath: "D:\Teasting_Network\Project_OpenCart\master.xml"
15:21:57.631 [main] INFO  org.testng.internal.Utils - [TestNG] Running:
  D:\Teasting_Network\Project_OpenCart\master.xml

15:22:03.966 [main] INFO  com.testcases.TC004_SearchProductTest - *** START THE <-- TC004_SearchItemTest --> TEST ***
15:22:03.967 [main] INFO  com.testcases.TC004_SearchProductTest -  <-- Home Page --> 
15:22:04.522 [main] INFO  com.testcases.TC004_SearchProductTest -  <-- Login Page --> 
15:22:05.639 [main] INFO  com.testcases.TC004_SearchProductTest -  <-- Search Item Option --> 
15:22:06.343 [main] INFO  com.testcases.TC004_SearchProductTest -  <-- Check Search Item --> 
15:22:06.389 [main] INFO  com.testcases.TC004_SearchProductTest - *** FINISH THE <-- TC004_SearchItemTest --> TEST ***
19:32:28.270 [main] DEBUG org.testng.TestNG - suiteXmlPath: "D:\Teasting_Network\Project_OpenCart\master.xml"
19:32:28.723 [main] INFO  org.testng.internal.Utils - [TestNG] Running:
  D:\Teasting_Network\Project_OpenCart\master.xml

19:32:41.810 [main] INFO  com.testcases.TC003_SelectProductTest - *** START THE <-- TC003_CheckTabletItemsTest --> TEST ***
19:32:41.811 [main] INFO  com.testcases.TC003_SelectProductTest -  <-- Home Page --> 
19:32:42.401 [main] INFO  com.testcases.TC003_SelectProductTest -  <-- Login Page --> 
19:32:43.901 [main] INFO  com.testcases.TC003_SelectProductTest -  <-- Click Tablet Option --> 
19:32:44.524 [main] INFO  com.testcases.TC003_SelectProductTest -  <-- Check Tablet Items --> 
19:32:44.569 [main] INFO  com.testcases.TC003_SelectProductTest - *** FINICH THE <-- TC003_CheckTabletItemsTest --> TEST ***
20:08:53.241 [main] DEBUG org.testng.TestNG - suiteXmlPath: "D:\Teasting_Network\Project_OpenCart\master.xml"
20:08:53.674 [main] INFO  org.testng.internal.Utils - [TestNG] Running:
  D:\Teasting_Network\Project_OpenCart\master.xml

20:10:23.111 [main] DEBUG org.testng.TestNG - suiteXmlPath: "D:\Teasting_Network\Project_OpenCart\master.xml"
20:10:23.521 [main] INFO  org.testng.internal.Utils - [TestNG] Running:
  D:\Teasting_Network\Project_OpenCart\master.xml

20:10:30.151 [main] INFO  com.testcases.TC005_DropDownProductTest - *** START THE <-- TC005_DropDownProductTest --> TEST ***
20:10:30.157 [main] INFO  com.testcases.TC005_DropDownProductTest -  <-- Home Page --> 
20:10:30.717 [main] INFO  com.testcases.TC005_DropDownProductTest -  <-- Login Page --> 
20:10:31.842 [main] INFO  com.testcases.TC005_DropDownProductTest -  <-- Search Item Option --> 
20:10:31.997 [main] INFO  com.testcases.TC005_DropDownProductTest -  <-- Drop Down Option --> 
20:16:14.897 [main] DEBUG org.testng.TestNG - suiteXmlPath: "D:\Teasting_Network\Project_OpenCart\master.xml"
20:16:15.295 [main] INFO  org.testng.internal.Utils - [TestNG] Running:
  D:\Teasting_Network\Project_OpenCart\master.xml

20:16:20.749 [main] INFO  com.testcases.TC005_DropDownProductTest - *** START THE <-- TC005_DropDownProductTest --> TEST ***
20:16:20.750 [main] INFO  com.testcases.TC005_DropDownProductTest -  <-- Home Page --> 
20:16:21.481 [main] INFO  com.testcases.TC005_DropDownProductTest -  <-- Login Page --> 
20:16:22.512 [main] INFO  com.testcases.TC005_DropDownProductTest -  <-- Search Item Option --> 
20:19:37.228 [main] DEBUG org.testng.TestNG - suiteXmlPath: "D:\Teasting_Network\Project_OpenCart\master.xml"
20:19:37.630 [main] INFO  org.testng.internal.Utils - [TestNG] Running:
  D:\Teasting_Network\Project_OpenCart\master.xml

20:19:43.022 [main] INFO  com.testcases.TC005_DropDownProductTest - *** START THE <-- TC005_DropDownProductTest --> TEST ***
20:19:43.022 [main] INFO  com.testcases.TC005_DropDownProductTest -  <-- Home Page --> 
20:19:43.680 [main] INFO  com.testcases.TC005_DropDownProductTest -  <-- Login Page --> 
20:19:44.741 [main] INFO  com.testcases.TC005_DropDownProductTest -  <-- Search Item Option --> 
20:19:45.440 [main] INFO  com.testcases.TC005_DropDownProductTest -  <-- Drop Down Option --> 
20:19:45.485 [main] INFO  com.testcases.TC005_DropDownProductTest - *** FINISH THE <-- TC005_DropDownProductTest --> TEST ***
20:20:46.154 [main] DEBUG org.testng.TestNG - suiteXmlPath: "D:\Teasting_Network\Project_OpenCart\master.xml"
20:20:46.536 [main] INFO  org.testng.internal.Utils - [TestNG] Running:
  D:\Teasting_Network\Project_OpenCart\master.xml

20:20:52.181 [main] INFO  com.testcases.TC005_DropDownProductTest - *** START THE <-- TC005_DropDownProductTest --> TEST ***
20:20:52.181 [main] INFO  com.testcases.TC005_DropDownProductTest -  <-- Home Page --> 
20:20:53.010 [main] INFO  com.testcases.TC005_DropDownProductTest -  <-- Login Page --> 
