17:03:19.899 [main] DEBUG org.testng.TestNG - suiteXmlPath: "D:\Teasting_Network\Project_OpenCart\master.xml"
17:03:20.299 [main] INFO  org.testng.internal.Utils - [TestNG] Running:
  D:\Teasting_Network\Project_OpenCart\master.xml

17:03:30.675 [main] INFO  com.testcases.TC006_AddToCartTest - *** START THE <-- TC006_AddToCartTest --> TEST ***
17:03:30.676 [main] INFO  com.testcases.TC006_AddToCartTest -  <-- Home Page --> 
17:03:31.556 [main] INFO  com.testcases.TC006_AddToCartTest -  <-- Login Page --> 
17:03:33.143 [main] INFO  com.testcases.TC006_AddToCartTest -  <-- Search Item Option --> 
17:04:22.535 [main] DEBUG org.testng.TestNG - suiteXmlPath: "D:\Teasting_Network\Project_OpenCart\master.xml"
17:04:23.021 [main] INFO  org.testng.internal.Utils - [TestNG] Running:
  D:\Teasting_Network\Project_OpenCart\master.xml

17:04:31.450 [main] INFO  com.testcases.TC006_AddToCartTest - *** START THE <-- TC006_AddToCartTest --> TEST ***
17:04:31.451 [main] INFO  com.testcases.TC006_AddToCartTest -  <-- Home Page --> 
17:04:32.407 [main] INFO  com.testcases.TC006_AddToCartTest -  <-- Login Page --> 
17:04:33.743 [main] INFO  com.testcases.TC006_AddToCartTest -  <-- Search Item Option --> 
17:04:34.794 [main] INFO  com.testcases.TC006_AddToCartTest -  <-- Check Search Item --> 
17:04:44.609 [main] INFO  com.testcases.TC006_AddToCartTest -  <-- Add To Cart Process --> 
00:25:19.334 [main] DEBUG org.testng.TestNG - suiteXmlPath: "D:\Teasting_Network\Project_OpenCart\master.xml"
00:25:19.795 [main] INFO  org.testng.internal.Utils - [TestNG] Running:
  D:\Teasting_Network\Project_OpenCart\master.xml

00:25:31.842 [main] INFO  com.testcases.TC006_AddToCartTest - *** START THE <-- TC006_AddToCartTest --> TEST ***
00:25:31.842 [main] INFO  com.testcases.TC006_AddToCartTest -  <-- Home Page --> 
00:25:33.337 [main] INFO  com.testcases.TC006_AddToCartTest -  <-- Login Page --> 
00:25:35.069 [main] INFO  com.testcases.TC006_AddToCartTest -  <-- Search Item Option --> 
00:25:36.311 [main] INFO  com.testcases.TC006_AddToCartTest -  <-- Check Search Item --> 
00:29:05.451 [main] DEBUG org.testng.TestNG - suiteXmlPath: "D:\Teasting_Network\Project_OpenCart\master.xml"
00:29:05.891 [main] INFO  org.testng.internal.Utils - [TestNG] Running:
  D:\Teasting_Network\Project_OpenCart\master.xml

00:29:14.046 [main] INFO  com.testcases.TC006_AddToCartTest - *** START THE <-- TC006_AddToCartTest --> TEST ***
00:29:14.046 [main] INFO  com.testcases.TC006_AddToCartTest -  <-- Home Page --> 
00:29:14.979 [main] INFO  com.testcases.TC006_AddToCartTest -  <-- Login Page --> 
00:29:16.958 [main] INFO  com.testcases.TC006_AddToCartTest -  <-- Search Item Option --> 
00:29:18.430 [main] INFO  com.testcases.TC006_AddToCartTest -  <-- Check Search Item --> 
00:29:24.907 [main] INFO  com.testcases.TC006_AddToCartTest -  <-- Add To Cart Process --> 
00:30:05.319 [main] DEBUG org.testng.TestNG - suiteXmlPath: "D:\Teasting_Network\Project_OpenCart\master.xml"
00:30:05.694 [main] INFO  org.testng.internal.Utils - [TestNG] Running:
  D:\Teasting_Network\Project_OpenCart\master.xml

00:30:13.564 [main] INFO  com.testcases.TC006_AddToCartTest - *** START THE <-- TC006_AddToCartTest --> TEST ***
00:30:13.564 [main] INFO  com.testcases.TC006_AddToCartTest -  <-- Home Page --> 
00:30:14.329 [main] INFO  com.testcases.TC006_AddToCartTest -  <-- Login Page --> 
00:30:16.049 [main] INFO  com.testcases.TC006_AddToCartTest -  <-- Search Item Option --> 
00:30:17.412 [main] INFO  com.testcases.TC006_AddToCartTest -  <-- Check Search Item --> 
00:32:01.975 [main] DEBUG org.testng.TestNG - suiteXmlPath: "D:\Teasting_Network\Project_OpenCart\master.xml"
00:32:02.403 [main] INFO  org.testng.internal.Utils - [TestNG] Running:
  D:\Teasting_Network\Project_OpenCart\master.xml

00:32:10.654 [main] INFO  com.testcases.TC006_AddToCartTest - *** START THE <-- TC006_AddToCartTest --> TEST ***
00:32:10.654 [main] INFO  com.testcases.TC006_AddToCartTest -  <-- Home Page --> 
00:32:11.672 [main] INFO  com.testcases.TC006_AddToCartTest -  <-- Login Page --> 
00:32:13.390 [main] INFO  com.testcases.TC006_AddToCartTest -  <-- Search Item Option --> 
00:32:14.586 [main] INFO  com.testcases.TC006_AddToCartTest -  <-- Check Search Item --> 
00:32:24.057 [main] INFO  com.testcases.TC006_AddToCartTest -  <-- Add To Cart Process --> 
12:21:49.040 [main] DEBUG org.testng.TestNG - suiteXmlPath: "D:\Teasting_Network\Project_OpenCart\master.xml"
12:21:49.629 [main] INFO  org.testng.internal.Utils - [TestNG] Running:
  D:\Teasting_Network\Project_OpenCart\master.xml

12:28:24.671 [main] DEBUG org.testng.TestNG - suiteXmlPath: "D:\Teasting_Network\Project_OpenCart\master.xml"
12:28:25.045 [main] INFO  org.testng.internal.Utils - [TestNG] Running:
  D:\Teasting_Network\Project_OpenCart\master.xml

12:29:42.858 [main] DEBUG org.testng.TestNG - suiteXmlPath: "D:\Teasting_Network\Project_OpenCart\master.xml"
12:29:43.326 [main] INFO  org.testng.internal.Utils - [TestNG] Running:
  D:\Teasting_Network\Project_OpenCart\master.xml

