14:44:58.080 [main] INFO  com.testcases.TC005_DropDownProductTest -  <-- Home Page --> 
14:44:58.581 [main] INFO  com.testcases.TC005_DropDownProductTest -  <-- Login Page --> 
14:44:59.542 [main] INFO  com.testcases.TC005_DropDownProductTest -  <-- Search Item Option --> 
14:45:53.396 [main] DEBUG org.testng.TestNG - suiteXmlPath: "D:\Teasting_Network\Project_OpenCart\master.xml"
14:45:53.885 [main] INFO  org.testng.internal.Utils - [TestNG] Running:
  D:\Teasting_Network\Project_OpenCart\master.xml

14:46:02.588 [main] INFO  com.testcases.TC005_DropDownProductTest - *** START THE <-- TC005_DropDownProductTest --> TEST ***
14:46:02.589 [main] INFO  com.testcases.TC005_DropDownProductTest -  <-- Home Page --> 
14:46:03.099 [main] INFO  com.testcases.TC005_DropDownProductTest -  <-- Login Page --> 
14:46:04.075 [main] INFO  com.testcases.TC005_DropDownProductTest -  <-- Search Item Option --> 
14:46:04.690 [main] INFO  com.testcases.TC005_DropDownProductTest -  <-- Drop Down Option --> 
14:48:36.788 [main] DEBUG org.testng.TestNG - suiteXmlPath: "D:\Teasting_Network\Project_OpenCart\master.xml"
14:48:37.204 [main] INFO  org.testng.internal.Utils - [TestNG] Running:
  D:\Teasting_Network\Project_OpenCart\master.xml

14:48:44.320 [main] INFO  com.testcases.TC003_SelectProductTest - *** START THE <-- TC003_CheckTabletItemsTest --> TEST ***
14:48:44.321 [main] INFO  com.testcases.TC003_SelectProductTest -  <-- Home Page --> 
14:48:44.850 [main] INFO  com.testcases.TC003_SelectProductTest -  <-- Login Page --> 
14:48:45.872 [main] INFO  com.testcases.TC003_SelectProductTest -  <-- Click Tablet Option --> 
14:48:46.497 [main] INFO  com.testcases.TC003_SelectProductTest -  <-- Check Tablet Items --> 
14:48:46.623 [main] INFO  com.testcases.TC003_SelectProductTest - *** FINICH THE <-- TC003_CheckTabletItemsTest --> TEST ***
14:51:20.137 [main] DEBUG org.testng.TestNG - suiteXmlPath: "D:\Teasting_Network\Project_OpenCart\master.xml"
14:51:20.534 [main] INFO  org.testng.internal.Utils - [TestNG] Running:
  D:\Teasting_Network\Project_OpenCart\master.xml

14:51:25.931 [main] INFO  com.testcases.TC004_SearchProductTest - *** START THE <-- TC004_SearchItemTest --> TEST ***
14:51:25.931 [main] INFO  com.testcases.TC004_SearchProductTest -  <-- Home Page --> 
14:51:26.490 [main] INFO  com.testcases.TC004_SearchProductTest -  <-- Login Page --> 
14:51:27.653 [main] INFO  com.testcases.TC004_SearchProductTest -  <-- Search Item Option --> 
14:51:28.315 [main] INFO  com.testcases.TC004_SearchProductTest -  <-- Check Search Item --> 
14:51:33.375 [main] INFO  com.testcases.TC004_SearchProductTest - *** FINISH THE <-- TC004_SearchItemTest --> TEST ***
14:56:46.553 [main] DEBUG org.testng.TestNG - suiteXmlPath: "D:\Teasting_Network\Project_OpenCart\master.xml"
14:56:46.956 [main] INFO  org.testng.internal.Utils - [TestNG] Running:
  D:\Teasting_Network\Project_OpenCart\master.xml

14:56:52.885 [main] INFO  com.testcases.TC005_DropDownProductTest - *** START THE <-- TC005_DropDownProductTest --> TEST ***
14:56:52.885 [main] INFO  com.testcases.TC005_DropDownProductTest -  <-- Home Page --> 
14:56:53.488 [main] INFO  com.testcases.TC005_DropDownProductTest -  <-- Login Page --> 
14:56:54.542 [main] INFO  com.testcases.TC005_DropDownProductTest -  <-- Search Item Option --> 
14:58:50.578 [main] DEBUG org.testng.TestNG - suiteXmlPath: "D:\Teasting_Network\Project_OpenCart\master.xml"
14:58:50.970 [main] INFO  org.testng.internal.Utils - [TestNG] Running:
  D:\Teasting_Network\Project_OpenCart\master.xml

14:58:57.405 [main] INFO  com.testcases.TC005_DropDownProductTest - *** START THE <-- TC005_DropDownProductTest --> TEST ***
14:58:57.405 [main] INFO  com.testcases.TC005_DropDownProductTest -  <-- Home Page --> 
14:58:57.947 [main] INFO  com.testcases.TC005_DropDownProductTest -  <-- Login Page --> 
14:58:58.962 [main] INFO  com.testcases.TC005_DropDownProductTest -  <-- Search Item Option --> 
15:00:26.685 [main] DEBUG org.testng.TestNG - suiteXmlPath: "D:\Teasting_Network\Project_OpenCart\master.xml"
15:00:27.080 [main] INFO  org.testng.internal.Utils - [TestNG] Running:
  D:\Teasting_Network\Project_OpenCart\master.xml

15:00:36.596 [main] INFO  com.testcases.TC005_DropDownProductTest - *** START THE <-- TC005_DropDownProductTest --> TEST ***
15:00:36.598 [main] INFO  com.testcases.TC005_DropDownProductTest -  <-- Home Page --> 
15:00:37.110 [main] INFO  com.testcases.TC005_DropDownProductTest -  <-- Login Page --> 
15:00:38.148 [main] INFO  com.testcases.TC005_DropDownProductTest -  <-- Search Item Option --> 
15:00:38.696 [main] INFO  com.testcases.TC005_DropDownProductTest -  <-- Drop Down Option --> 
15:10:47.073 [main] DEBUG org.testng.TestNG - suiteXmlPath: "D:\Teasting_Network\Project_OpenCart\master.xml"
15:10:47.433 [main] INFO  org.testng.internal.Utils - [TestNG] Running:
  D:\Teasting_Network\Project_OpenCart\master.xml

15:10:54.239 [main] INFO  com.testcases.TC005_DropDownProductTest - *** START THE <-- TC005_DropDownProductTest --> TEST ***
