14:04:27.213 [main] INFO  com.testcases.TC003_CheckTabletItemsTest -  <-- Click Tablet Option --> 
14:04:27.878 [main] INFO  com.testcases.TC003_CheckTabletItemsTest -  <-- Check Tablet Items --> 
14:04:27.981 [main] INFO  com.testcases.TC003_CheckTabletItemsTest - *** FINICH THE <-- TC003_CheckTabletItemsTest --> TEST ***
14:13:04.784 [main] DEBUG org.testng.TestNG - suiteXmlPath: "D:\Teasting_Network\Project_OpenCart\grouping.xml"
14:13:05.242 [main] INFO  org.testng.internal.Utils - [TestNG] Running:
  D:\Teasting_Network\Project_OpenCart\grouping.xml

14:13:17.144 [main] INFO  com.testcases.TC003_CheckTabletItemsTest - *** START THE <-- TC003_CheckTabletItemsTest --> TEST ***
14:13:17.163 [main] INFO  com.testcases.TC003_CheckTabletItemsTest -  <-- Home Page --> 
14:13:17.816 [main] INFO  com.testcases.TC003_CheckTabletItemsTest -  <-- Login Page --> 
14:13:18.638 [main] INFO  com.testcases.TC003_CheckTabletItemsTest -  <-- Click Tablet Option --> 
14:15:05.376 [main] DEBUG org.testng.TestNG - suiteXmlPath: "D:\Teasting_Network\Project_OpenCart\grouping.xml"
14:15:05.936 [main] INFO  org.testng.internal.Utils - [TestNG] Running:
  D:\Teasting_Network\Project_OpenCart\grouping.xml

14:15:13.936 [main] INFO  com.testcases.TC003_CheckTabletItemsTest - *** START THE <-- TC003_CheckTabletItemsTest --> TEST ***
14:15:13.943 [main] INFO  com.testcases.TC003_CheckTabletItemsTest -  <-- Home Page --> 
14:15:14.464 [main] INFO  com.testcases.TC003_CheckTabletItemsTest -  <-- Login Page --> 
14:15:15.842 [main] INFO  com.testcases.TC003_CheckTabletItemsTest -  <-- Click Tablet Option --> 
14:17:41.178 [main] DEBUG org.testng.TestNG - suiteXmlPath: "D:\Teasting_Network\Project_OpenCart\grouping.xml"
14:17:41.640 [main] INFO  org.testng.internal.Utils - [TestNG] Running:
  D:\Teasting_Network\Project_OpenCart\grouping.xml

14:17:47.297 [main] INFO  com.testcases.TC003_CheckTabletItemsTest - *** START THE <-- TC003_CheckTabletItemsTest --> TEST ***
14:17:47.307 [main] INFO  com.testcases.TC003_CheckTabletItemsTest -  <-- Home Page --> 
14:17:47.861 [main] INFO  com.testcases.TC003_CheckTabletItemsTest -  <-- Login Page --> 
14:17:48.851 [main] INFO  com.testcases.TC003_CheckTabletItemsTest -  <-- Click Tablet Option --> 
14:17:49.468 [main] INFO  com.testcases.TC003_CheckTabletItemsTest -  <-- Check Tablet Items --> 
14:17:49.531 [main] INFO  com.testcases.TC003_CheckTabletItemsTest - *** FINICH THE <-- TC003_CheckTabletItemsTest --> TEST ***
14:19:06.618 [main] DEBUG org.testng.TestNG - suiteXmlPath: "D:\Teasting_Network\Project_OpenCart\grouping.xml"
14:19:07.066 [main] INFO  org.testng.internal.Utils - [TestNG] Running:
  D:\Teasting_Network\Project_OpenCart\grouping.xml

14:19:12.238 [main] INFO  com.testcases.TC003_CheckTabletItemsTest - *** START THE <-- TC003_CheckTabletItemsTest --> TEST ***
14:19:12.245 [main] INFO  com.testcases.TC003_CheckTabletItemsTest -  <-- Home Page --> 
14:19:12.989 [main] INFO  com.testcases.TC003_CheckTabletItemsTest -  <-- Login Page --> 
14:19:14.014 [main] INFO  com.testcases.TC003_CheckTabletItemsTest -  <-- Click Tablet Option --> 
14:19:14.599 [main] INFO  com.testcases.TC003_CheckTabletItemsTest -  <-- Check Tablet Items --> 
14:19:14.638 [main] INFO  com.testcases.TC003_CheckTabletItemsTest - *** FINICH THE <-- TC003_CheckTabletItemsTest --> TEST ***
14:22:51.510 [main] DEBUG org.testng.TestNG - suiteXmlPath: "D:\Teasting_Network\Project_OpenCart\grouping.xml"
14:22:51.962 [main] INFO  org.testng.internal.Utils - [TestNG] Running:
  D:\Teasting_Network\Project_OpenCart\grouping.xml

14:22:57.893 [main] INFO  com.testcases.TC003_CheckTabletItemsTest - *** START THE <-- TC003_CheckTabletItemsTest --> TEST ***
14:22:57.901 [main] INFO  com.testcases.TC003_CheckTabletItemsTest -  <-- Home Page --> 
14:22:58.413 [main] INFO  com.testcases.TC003_CheckTabletItemsTest -  <-- Login Page --> 
14:22:59.496 [main] INFO  com.testcases.TC003_CheckTabletItemsTest -  <-- Click Tablet Option --> 
14:23:00.056 [main] INFO  com.testcases.TC003_CheckTabletItemsTest -  <-- Check Tablet Items --> 
14:23:00.092 [main] INFO  com.testcases.TC003_CheckTabletItemsTest - *** FINICH THE <-- TC003_CheckTabletItemsTest --> TEST ***
14:29:14.532 [main] DEBUG org.testng.TestNG - suiteXmlPath: "D:\Teasting_Network\Project_OpenCart\grouping.xml"
14:29:14.974 [main] INFO  org.testng.internal.Utils - [TestNG] Running:
  D:\Teasting_Network\Project_OpenCart\grouping.xml

14:29:24.808 [main] INFO  com.testcases.TC003_CheckTabletItemsTest - *** START THE <-- TC003_CheckTabletItemsTest --> TEST ***
14:29:24.808 [main] INFO  com.testcases.TC003_CheckTabletItemsTest -  <-- Home Page --> 
14:29:25.439 [main] INFO  com.testcases.TC003_CheckTabletItemsTest -  <-- Login Page --> 
14:29:26.472 [main] INFO  com.testcases.TC003_CheckTabletItemsTest -  <-- Click Tablet Option --> 
14:29:27.089 [main] INFO  com.testcases.TC003_CheckTabletItemsTest -  <-- Check Tablet Items --> 
14:29:27.132 [main] INFO  com.testcases.TC003_CheckTabletItemsTest - *** FINICH THE <-- TC003_CheckTabletItemsTest --> TEST ***
