15:10:54.239 [main] INFO  com.testcases.TC005_DropDownProductTest -  <-- Home Page --> 
15:10:54.765 [main] INFO  com.testcases.TC005_DropDownProductTest -  <-- Login Page --> 
15:10:55.771 [main] INFO  com.testcases.TC005_DropDownProductTest -  <-- Search Item Option --> 
15:10:56.452 [main] INFO  com.testcases.TC005_DropDownProductTest -  <-- Drop Down Option --> 
15:10:56.561 [main] INFO  com.testcases.TC005_DropDownProductTest - *** FINISH THE <-- TC005_DropDownProductTest --> TEST ***
15:11:55.047 [main] DEBUG org.testng.TestNG - suiteXmlPath: "D:\Teasting_Network\Project_OpenCart\master.xml"
15:11:55.420 [main] INFO  org.testng.internal.Utils - [TestNG] Running:
  D:\Teasting_Network\Project_OpenCart\master.xml

15:12:00.911 [main] INFO  com.testcases.TC005_DropDownProductTest - *** START THE <-- TC005_DropDownProductTest --> TEST ***
15:12:00.911 [main] INFO  com.testcases.TC005_DropDownProductTest -  <-- Home Page --> 
15:12:01.423 [main] INFO  com.testcases.TC005_DropDownProductTest -  <-- Login Page --> 
15:12:02.420 [main] INFO  com.testcases.TC005_DropDownProductTest -  <-- Search Item Option --> 
15:12:02.973 [main] INFO  com.testcases.TC005_DropDownProductTest -  <-- Drop Down Option --> 
15:12:07.133 [main] INFO  com.testcases.TC005_DropDownProductTest - *** FINISH THE <-- TC005_DropDownProductTest --> TEST ***
15:15:15.896 [main] DEBUG org.testng.TestNG - suiteXmlPath: "D:\Teasting_Network\Project_OpenCart\master.xml"
15:15:16.296 [main] INFO  org.testng.internal.Utils - [TestNG] Running:
  D:\Teasting_Network\Project_OpenCart\master.xml

15:15:26.691 [main] INFO  com.testcases.TC005_DropDownProductTest - *** START THE <-- TC005_DropDownProductTest --> TEST ***
15:15:26.691 [main] INFO  com.testcases.TC005_DropDownProductTest -  <-- Home Page --> 
15:15:27.258 [main] INFO  com.testcases.TC005_DropDownProductTest -  <-- Login Page --> 
15:15:28.383 [main] INFO  com.testcases.TC005_DropDownProductTest -  <-- Search Item Option --> 
15:17:19.962 [main] DEBUG org.testng.TestNG - suiteXmlPath: "D:\Teasting_Network\Project_OpenCart\master.xml"
15:17:20.369 [main] INFO  org.testng.internal.Utils - [TestNG] Running:
  D:\Teasting_Network\Project_OpenCart\master.xml

15:17:28.294 [main] INFO  com.testcases.TC005_DropDownProductTest - *** START THE <-- TC005_DropDownProductTest --> TEST ***
15:17:28.294 [main] INFO  com.testcases.TC005_DropDownProductTest -  <-- Home Page --> 
15:17:30.756 [main] INFO  com.testcases.TC005_DropDownProductTest -  <-- Login Page --> 
15:17:32.182 [main] INFO  com.testcases.TC005_DropDownProductTest -  <-- Search Item Option --> 
15:17:32.765 [main] INFO  com.testcases.TC005_DropDownProductTest -  <-- Drop Down Option --> 
15:17:36.902 [main] INFO  com.testcases.TC005_DropDownProductTest - *** FINISH THE <-- TC005_DropDownProductTest --> TEST ***
